<?xml version="1.0" encoding="UTF-8"?>
<!-- Generated by org.testng.reporters.JUnitReportReporter -->
<testsuite hostname="DESKTOP-BE44JJP" failures="0" tests="1" name="Test.FAQ" time="1.123" errors="0" timestamp="2024-04-01T18:42:26 IST" skipped="0">
  <testcase classname="Test.FAQ" name="getFaq" time="1.123"/>
</testsuite> <!-- Test.FAQ -->
