<?xml version="1.0" encoding="UTF-8"?>
<!-- Generated by org.testng.reporters.JUnitReportReporter -->
<testsuite hostname="DESKTOP-BE44JJP" failures="0" tests="1" name="org.nibe.api.automation.AppTest$AccessTokenTests" time="0.877" errors="0" timestamp="2024-03-27T12:56:15 IST" skipped="0">
  <testcase classname="org.nibe.api.automation.AppTest$AccessTokenTests" name="getFaqForNibe" time="0.877"/>
</testsuite> <!-- org.nibe.api.automation.AppTest$AccessTokenTests -->
