<?xml version="1.0" encoding="UTF-8"?>
<!-- Generated by org.testng.reporters.JUnitReportReporter -->
<testsuite hostname="DESKTOP-BE44JJP" failures="0" tests="1" name="api.AuthManager" time="2.257" errors="0" timestamp="2024-03-27T17:23:20 IST" skipped="0">
  <testcase classname="api.AuthManager" name="getFaqForNibe" time="2.257"/>
</testsuite> <!-- api.AuthManager -->
