<?xml version="1.0" encoding="UTF-8"?>
<!-- Generated by org.testng.reporters.JUnitReportReporter -->
<testsuite hostname="DESKTOP-BE44JJP" failures="0" tests="1" name="ProfileTest.ChangePasswordTest" time="110.551" errors="0" timestamp="2023-10-19T15:21:29 IST" skipped="0">
  <testcase classname="ProfileTest.ChangePasswordTest" name="verifyChangePasswordWithIncorrectConfirmPassword" time="110.551"/>
  <system-out/>
</testsuite> <!-- ProfileTest.ChangePasswordTest -->
