<?xml version="1.0" encoding="UTF-8"?>
<!-- Generated by org.testng.reporters.JUnitReportReporter -->
<testsuite hostname="DESKTOP-BE44JJP" failures="0" tests="1" name="ServicePartnerProfile.DeleteServicePartnerTest" time="61.152" errors="0" timestamp="2023-10-30T16:25:33 IST" skipped="0">
  <testcase classname="ServicePartnerProfile.DeleteServicePartnerTest" name="testDeleteServicePartnerFunctionalityForSingleUser" time="61.152"/>
  <system-out/>
</testsuite> <!-- ServicePartnerProfile.DeleteServicePartnerTest -->
