<?xml version="1.0" encoding="UTF-8"?>
<!-- Generated by org.testng.reporters.JUnitReportReporter -->
<testsuite hostname="DESKTOP-BE44JJP" failures="0" tests="1" name="ServicePartnerProfile.ProfileTest" time="87.571" errors="0" timestamp="2023-10-26T18:41:14 IST" skipped="0">
  <testcase classname="ServicePartnerProfile.ProfileTest" name="testServicePartnerProfileEmptyFieldValidations" time="87.571"/>
  <system-out/>
</testsuite> <!-- ServicePartnerProfile.ProfileTest -->
