<?xml version="1.0" encoding="UTF-8"?>
<!-- Generated by org.testng.reporters.JUnitReportReporter -->
<testsuite hostname="DESKTOP-BE44JJP" failures="0" tests="1" name="ProfileTest.UserProfileTest" time="88.415" errors="0" timestamp="2023-10-17T18:08:50 IST" skipped="0">
  <testcase classname="ProfileTest.UserProfileTest" name="verifyErrorMessagesForEmptyFields" time="88.415"/>
  <system-out/>
</testsuite> <!-- ProfileTest.UserProfileTest -->
