<?xml version="1.0" encoding="UTF-8"?>
<!-- Generated by org.testng.reporters.JUnitReportReporter -->
<testsuite hostname="DESKTOP-BE44JJP" failures="0" tests="1" name="org.nibejpi.pro.app.testcases.About_HelpTest" time="181.465" errors="0" timestamp="2023-09-13T10:45:29 IST" skipped="0">
  <testcase classname="org.nibejpi.pro.app.testcases.About_HelpTest" name="verifyLocalizationSupportForTOS_PP_OpenSrcLicensesAfterLogin" time="181.465"/>
  <system-out/>
</testsuite> <!-- org.nibejpi.pro.app.testcases.About_HelpTest -->
