<?xml version="1.0" encoding="UTF-8"?>
<!-- Generated by org.testng.reporters.JUnitReportReporter -->
<testsuite hostname="DESKTOP-BE44JJP" failures="0" tests="3" name="org.nibejpi.pro.app.testcases.ForgotPasswordTest" time="9.011" errors="0" timestamp="2024-05-03T16:56:06 IST" skipped="0">
  <testcase classname="org.nibejpi.pro.app.testcases.ForgotPasswordTest" name="verifyForgotPasswordScreenUI" time="2.285"/>
  <testcase classname="org.nibejpi.pro.app.testcases.ForgotPasswordTest" name="verifyForgotPassWithEmptyFields" time="2.791"/>
  <testcase classname="org.nibejpi.pro.app.testcases.ForgotPasswordTest" name="verifyForgotPassWithInvalidPass" time="3.935"/>
</testsuite> <!-- org.nibejpi.pro.app.testcases.ForgotPasswordTest -->
