<?xml version="1.0" encoding="UTF-8"?>
<!-- Generated by org.testng.reporters.JUnitReportReporter -->
<testsuite hostname="DESKTOP-BE44JJP" failures="0" tests="1" name="ServicePartnerProfile.LeaveServicePartnerTest" time="53.551" errors="0" timestamp="2023-10-27T19:48:24 IST" skipped="0">
  <testcase classname="ServicePartnerProfile.LeaveServicePartnerTest" name="testLeaveServicePartnerFunctionalityForMultipleUser" time="53.551"/>
  <system-out/>
</testsuite> <!-- ServicePartnerProfile.LeaveServicePartnerTest -->
