<?xml version="1.0" encoding="UTF-8"?>
<!-- Generated by org.testng.reporters.JUnitReportReporter -->
<testsuite hostname="DESKTOP-BE44JJP" failures="0" tests="1" name="org.nibejpi.pro.app.testcases.ScheduleTest" time="133.390" errors="0" timestamp="2024-02-12T16:18:42 IST" skipped="0">
  <testcase classname="org.nibejpi.pro.app.testcases.ScheduleTest" name="testEventSchedulingSuccess" time="133.390"/>
  <system-out/>
</testsuite> <!-- org.nibejpi.pro.app.testcases.ScheduleTest -->
