<?xml version="1.0" encoding="UTF-8"?>
<!-- Generated by org.testng.reporters.JUnitReportReporter -->
<testsuite hostname="DESKTOP-BE44JJP" failures="0" tests="1" name="ServicePartnerProfile.AgreementTest" time="80.266" errors="0" timestamp="2023-10-30T17:34:14 IST" skipped="0">
  <testcase classname="ServicePartnerProfile.AgreementTest" name="verifyAgreementScreenUI" time="80.266"/>
  <system-out/>
</testsuite> <!-- ServicePartnerProfile.AgreementTest -->
