<?xml version="1.0" encoding="UTF-8"?>
<!-- Generated by org.testng.reporters.JUnitReportReporter -->
<testsuite hostname="DESKTOP-BE44JJP" failures="0" tests="1" name="org.nibejpi.pro.app.testcases.FirmwareTest" time="156.704" errors="0" timestamp="2023-11-22T15:57:07 IST" skipped="0">
  <testcase classname="org.nibejpi.pro.app.testcases.FirmwareTest" name="verifyFirmwareDownloadInHamburgerMenu" time="156.704"/>
  <system-out/>
</testsuite> <!-- org.nibejpi.pro.app.testcases.FirmwareTest -->
